2019-04-17 15:32:04.318  INFO 18552 --- [main] c.t.SpringOperationsLoggingApplication   : Starting SpringOperationsLoggingApplication on ADSAMANT02 with PID 18552 (C:\work\project\scratchpad\repo\spring\spring-training\spring-parent\spring-operations\spring-operations-logging\target\classes started by ADSAMANT in C:\work\project\scratchpad\repo\spring\spring-training\spring-parent\spring-operations\spring-operations-logging)
2019-04-17 15:32:04.323  INFO 18552 --- [main] c.t.SpringOperationsLoggingApplication   : No active profile set, falling back to default profiles: default
2019-04-17 15:32:10.208  INFO 18552 --- [main] com.training.LoggerExample               : Via CommonsLogging
2019-04-17 15:32:10.209  INFO 18552 --- [main] com.training.LoggerExample               : Via SLF4J
2019-04-17 15:32:10.213  INFO 18552 --- [main] com.training.LoggerExample               : Via JBoss
2019-04-17 15:32:10.217  INFO 18552 --- [main] com.training.LoggerExample               : Via Java Util
2019-04-17 15:32:10.218  INFO 18552 --- [main] com.training.LoggerExample               : Via LOG4J
2019-04-17 15:32:10.220  INFO 18552 --- [main] com.training.LoggerExample               : Via JULI
2019-04-17 15:32:10.590  INFO 18552 --- [main] c.t.SpringOperationsLoggingApplication   : Started SpringOperationsLoggingApplication in 7.102 seconds (JVM running for 10.54)
2019-04-17 15:33:11.072  INFO 18840 --- [main] c.t.SpringOperationsLoggingApplication   : Starting SpringOperationsLoggingApplication on ADSAMANT02 with PID 18840 (C:\work\project\scratchpad\repo\spring\spring-training\spring-parent\spring-operations\spring-operations-logging\target\classes started by ADSAMANT in C:\work\project\scratchpad\repo\spring\spring-training\spring-parent\spring-operations\spring-operations-logging)
2019-04-17 15:33:11.079  INFO 18840 --- [main] c.t.SpringOperationsLoggingApplication   : No active profile set, falling back to default profiles: default
2019-04-17 15:33:12.023  INFO 18840 --- [main] com.training.LoggerExample               : Via CommonsLogging
2019-04-17 15:33:12.024  INFO 18840 --- [main] com.training.LoggerExample               : Via SLF4J
2019-04-17 15:33:12.028  INFO 18840 --- [main] com.training.LoggerExample               : Via JBoss
2019-04-17 15:33:12.030  INFO 18840 --- [main] com.training.LoggerExample               : Via Java Util
2019-04-17 15:33:12.031  INFO 18840 --- [main] com.training.LoggerExample               : Via LOG4J
2019-04-17 15:33:12.032  INFO 18840 --- [main] com.training.LoggerExample               : Via JULI
2019-04-17 15:33:12.040 ERROR 18840 --- [main] com.training.LoggerExample               : Something bad

java.io.IOException: Comms Down
	at com.training.LoggerExample.logSomething(LoggerExample.java:33) [classes/:na]
	at sun.reflect.NativeMethodAccessorImpl.invoke0(Native Method) ~[na:1.8.0_201-2-redhat]
	at sun.reflect.NativeMethodAccessorImpl.invoke(NativeMethodAccessorImpl.java:62) ~[na:1.8.0_201-2-redhat]
	at sun.reflect.DelegatingMethodAccessorImpl.invoke(DelegatingMethodAccessorImpl.java:43) ~[na:1.8.0_201-2-redhat]
	at java.lang.reflect.Method.invoke(Method.java:498) ~[na:1.8.0_201-2-redhat]
	at org.springframework.beans.factory.annotation.InitDestroyAnnotationBeanPostProcessor$LifecycleElement.invoke(InitDestroyAnnotationBeanPostProcessor.java:363) [spring-beans-5.1.6.RELEASE.jar:5.1.6.RELEASE]
	at org.springframework.beans.factory.annotation.InitDestroyAnnotationBeanPostProcessor$LifecycleMetadata.invokeInitMethods(InitDestroyAnnotationBeanPostProcessor.java:307) [spring-beans-5.1.6.RELEASE.jar:5.1.6.RELEASE]
	at org.springframework.beans.factory.annotation.InitDestroyAnnotationBeanPostProcessor.postProcessBeforeInitialization(InitDestroyAnnotationBeanPostProcessor.java:136) [spring-beans-5.1.6.RELEASE.jar:5.1.6.RELEASE]
	at org.springframework.beans.factory.support.AbstractAutowireCapableBeanFactory.applyBeanPostProcessorsBeforeInitialization(AbstractAutowireCapableBeanFactory.java:414) [spring-beans-5.1.6.RELEASE.jar:5.1.6.RELEASE]
	at org.springframework.beans.factory.support.AbstractAutowireCapableBeanFactory.initializeBean(AbstractAutowireCapableBeanFactory.java:1770) [spring-beans-5.1.6.RELEASE.jar:5.1.6.RELEASE]
	at org.springframework.beans.factory.support.AbstractAutowireCapableBeanFactory.doCreateBean(AbstractAutowireCapableBeanFactory.java:593) [spring-beans-5.1.6.RELEASE.jar:5.1.6.RELEASE]
	at org.springframework.beans.factory.support.AbstractAutowireCapableBeanFactory.createBean(AbstractAutowireCapableBeanFactory.java:515) [spring-beans-5.1.6.RELEASE.jar:5.1.6.RELEASE]
	at org.springframework.beans.factory.support.AbstractBeanFactory.lambda$doGetBean$0(AbstractBeanFactory.java:320) [spring-beans-5.1.6.RELEASE.jar:5.1.6.RELEASE]
	at org.springframework.beans.factory.support.DefaultSingletonBeanRegistry.getSingleton(DefaultSingletonBeanRegistry.java:222) ~[spring-beans-5.1.6.RELEASE.jar:5.1.6.RELEASE]
	at org.springframework.beans.factory.support.AbstractBeanFactory.doGetBean(AbstractBeanFactory.java:318) [spring-beans-5.1.6.RELEASE.jar:5.1.6.RELEASE]
	at org.springframework.beans.factory.support.AbstractBeanFactory.getBean(AbstractBeanFactory.java:199) [spring-beans-5.1.6.RELEASE.jar:5.1.6.RELEASE]
	at org.springframework.beans.factory.support.DefaultListableBeanFactory.preInstantiateSingletons(DefaultListableBeanFactory.java:849) ~[spring-beans-5.1.6.RELEASE.jar:5.1.6.RELEASE]
	at org.springframework.context.support.AbstractApplicationContext.finishBeanFactoryInitialization(AbstractApplicationContext.java:877) ~[spring-context-5.1.6.RELEASE.jar:5.1.6.RELEASE]
	at org.springframework.context.support.AbstractApplicationContext.refresh(AbstractApplicationContext.java:549) ~[spring-context-5.1.6.RELEASE.jar:5.1.6.RELEASE]
	at org.springframework.boot.SpringApplication.refresh(SpringApplication.java:775) ~[spring-boot-2.1.4.RELEASE.jar:2.1.4.RELEASE]
	at org.springframework.boot.SpringApplication.refreshContext(SpringApplication.java:397) ~[spring-boot-2.1.4.RELEASE.jar:2.1.4.RELEASE]
	at org.springframework.boot.SpringApplication.run(SpringApplication.java:316) ~[spring-boot-2.1.4.RELEASE.jar:2.1.4.RELEASE]
	at com.training.SpringOperationsLoggingApplication.main(SpringOperationsLoggingApplication.java:16) ~[classes/:na]

2019-04-17 15:33:12.372  INFO 18840 --- [main] c.t.SpringOperationsLoggingApplication   : Started SpringOperationsLoggingApplication in 2.029 seconds (JVM running for 5.29)
